{"C:/Users/Faishal/Documents/personalproject/kitabisa-assignment/assets/icons/sort-asc.tsx": {"path":"C:/Users/Faishal/Documents/personalproject/kitabisa-assignment/assets/icons/sort-asc.tsx","statementMap":{"0":{"start":{"line":1,"column":22},"end":{"line":36,"column":null}},"1":{"start":{"line":8,"column":1},"end":{"line":36,"column":null}}},"fnMap":{"0":{"name":"(anonymous_0)","decl":{"start":{"line":1,"column":22},"end":{"line":1,"column":23}},"loc":{"start":{"line":8,"column":1},"end":{"line":36,"column":null}}}},"branchMap":{"0":{"loc":{"start":{"line":2,"column":1},"end":{"line":2,"column":null}},"type":"default-arg","locations":[{"start":{"line":2,"column":8},"end":{"line":2,"column":null}}]},"1":{"loc":{"start":{"line":3,"column":1},"end":{"line":3,"column":null}},"type":"default-arg","locations":[{"start":{"line":3,"column":9},"end":{"line":3,"column":null}}]}},"s":{"0":2,"1":2},"f":{"0":2},"b":{"0":[2],"1":[1]}}
,"C:/Users/Faishal/Documents/personalproject/kitabisa-assignment/components/Button/Button.tsx": {"path":"C:/Users/Faishal/Documents/personalproject/kitabisa-assignment/components/Button/Button.tsx","statementMap":{"0":{"start":{"line":4,"column":15},"end":{"line":16,"column":null}},"1":{"start":{"line":11,"column":1},"end":{"line":14,"column":null}}},"fnMap":{"0":{"name":"(anonymous_0)","decl":{"start":{"line":4,"column":15},"end":{"line":4,"column":16}},"loc":{"start":{"line":10,"column":6},"end":{"line":16,"column":null}}}},"branchMap":{},"s":{"0":2,"1":2},"f":{"0":2},"b":{}}
,"C:/Users/Faishal/Documents/personalproject/kitabisa-assignment/components/CampaignsList/CampaignsList.tsx": {"path":"C:/Users/Faishal/Documents/personalproject/kitabisa-assignment/components/CampaignsList/CampaignsList.tsx","statementMap":{"0":{"start":{"line":5,"column":22},"end":{"line":18,"column":null}},"1":{"start":{"line":10,"column":1},"end":{"line":10,"column":null}},"2":{"start":{"line":11,"column":1},"end":{"line":16,"column":null}},"3":{"start":{"line":14,"column":4},"end":{"line":14,"column":null}}},"fnMap":{"0":{"name":"(anonymous_0)","decl":{"start":{"line":5,"column":22},"end":{"line":5,"column":23}},"loc":{"start":{"line":9,"column":6},"end":{"line":18,"column":null}}},"1":{"name":"(anonymous_1)","decl":{"start":{"line":13,"column":21},"end":{"line":13,"column":22}},"loc":{"start":{"line":13,"column":35},"end":{"line":15,"column":4}}}},"branchMap":{},"s":{"0":1,"1":1,"2":1,"3":3},"f":{"0":1,"1":3},"b":{}}
,"C:/Users/Faishal/Documents/personalproject/kitabisa-assignment/components/Header/Header.tsx": {"path":"C:/Users/Faishal/Documents/personalproject/kitabisa-assignment/components/Header/Header.tsx","statementMap":{"0":{"start":{"line":6,"column":15},"end":{"line":24,"column":null}},"1":{"start":{"line":13,"column":1},"end":{"line":22,"column":null}}},"fnMap":{"0":{"name":"(anonymous_0)","decl":{"start":{"line":6,"column":15},"end":{"line":6,"column":16}},"loc":{"start":{"line":12,"column":6},"end":{"line":24,"column":null}}}},"branchMap":{},"s":{"0":1,"1":1},"f":{"0":1},"b":{}}
,"C:/Users/Faishal/Documents/personalproject/kitabisa-assignment/components/Logo/Logo.tsx": {"path":"C:/Users/Faishal/Documents/personalproject/kitabisa-assignment/components/Logo/Logo.tsx","statementMap":{"0":{"start":{"line":4,"column":13},"end":{"line":10,"column":null}},"1":{"start":{"line":5,"column":1},"end":{"line":8,"column":null}}},"fnMap":{"0":{"name":"(anonymous_0)","decl":{"start":{"line":4,"column":13},"end":{"line":4,"column":19}},"loc":{"start":{"line":4,"column":19},"end":{"line":10,"column":null}}}},"branchMap":{},"s":{"0":2,"1":2},"f":{"0":2},"b":{}}
,"C:/Users/Faishal/Documents/personalproject/kitabisa-assignment/components/Modal/Modal.tsx": {"path":"C:/Users/Faishal/Documents/personalproject/kitabisa-assignment/components/Modal/Modal.tsx","statementMap":{"0":{"start":{"line":5,"column":14},"end":{"line":55,"column":null}},"1":{"start":{"line":16,"column":33},"end":{"line":16,"column":null}},"2":{"start":{"line":18,"column":1},"end":{"line":20,"column":null}},"3":{"start":{"line":19,"column":2},"end":{"line":19,"column":null}},"4":{"start":{"line":22,"column":1},"end":{"line":30,"column":null}},"5":{"start":{"line":23,"column":2},"end":{"line":29,"column":null}},"6":{"start":{"line":24,"column":3},"end":{"line":28,"column":null}},"7":{"start":{"line":25,"column":4},"end":{"line":27,"column":null}},"8":{"start":{"line":26,"column":5},"end":{"line":26,"column":null}},"9":{"start":{"line":32,"column":1},"end":{"line":34,"column":null}},"10":{"start":{"line":33,"column":2},"end":{"line":33,"column":null}},"11":{"start":{"line":35,"column":1},"end":{"line":54,"column":null}},"12":{"start":{"line":46,"column":5},"end":{"line":46,"column":null}}},"fnMap":{"0":{"name":"(anonymous_0)","decl":{"start":{"line":5,"column":14},"end":{"line":5,"column":15}},"loc":{"start":{"line":15,"column":6},"end":{"line":55,"column":null}}},"1":{"name":"(anonymous_1)","decl":{"start":{"line":18,"column":11},"end":{"line":18,"column":17}},"loc":{"start":{"line":18,"column":17},"end":{"line":20,"column":4}}},"2":{"name":"(anonymous_2)","decl":{"start":{"line":22,"column":11},"end":{"line":22,"column":17}},"loc":{"start":{"line":22,"column":17},"end":{"line":30,"column":4}}},"3":{"name":"(anonymous_3)","decl":{"start":{"line":24,"column":40},"end":{"line":24,"column":41}},"loc":{"start":{"line":24,"column":47},"end":{"line":28,"column":4}}},"4":{"name":"(anonymous_4)","decl":{"start":{"line":45,"column":13},"end":{"line":45,"column":14}},"loc":{"start":{"line":45,"column":20},"end":{"line":47,"column":null}}}},"branchMap":{"0":{"loc":{"start":{"line":23,"column":2},"end":{"line":29,"column":null}},"type":"if","locations":[{"start":{"line":23,"column":2},"end":{"line":29,"column":null}},{"start":{"line":23,"column":2},"end":{"line":29,"column":null}}]},"1":{"loc":{"start":{"line":25,"column":4},"end":{"line":27,"column":null}},"type":"if","locations":[{"start":{"line":25,"column":4},"end":{"line":27,"column":null}},{"start":{"line":25,"column":4},"end":{"line":27,"column":null}}]},"2":{"loc":{"start":{"line":32,"column":1},"end":{"line":34,"column":null}},"type":"if","locations":[{"start":{"line":32,"column":1},"end":{"line":34,"column":null}},{"start":{"line":32,"column":1},"end":{"line":34,"column":null}}]},"3":{"loc":{"start":{"line":32,"column":5},"end":{"line":32,"column":25}},"type":"binary-expr","locations":[{"start":{"line":32,"column":5},"end":{"line":32,"column":18}},{"start":{"line":32,"column":18},"end":{"line":32,"column":25}}]}},"s":{"0":1,"1":5,"2":5,"3":1,"4":5,"5":4,"6":2,"7":4,"8":2,"9":5,"10":3,"11":2,"12":1},"f":{"0":5,"1":1,"2":4,"3":4,"4":1},"b":{"0":[2,2],"1":[2,2],"2":[3,2],"3":[5,4]}}
,"C:/Users/Faishal/Documents/personalproject/kitabisa-assignment/components/ProgressBar/ProgressBar.tsx": {"path":"C:/Users/Faishal/Documents/personalproject/kitabisa-assignment/components/ProgressBar/ProgressBar.tsx","statementMap":{"0":{"start":{"line":3,"column":20},"end":{"line":14,"column":null}},"1":{"start":{"line":4,"column":20},"end":{"line":4,"column":null}},"2":{"start":{"line":5,"column":25},"end":{"line":5,"column":null}},"3":{"start":{"line":6,"column":1},"end":{"line":12,"column":null}}},"fnMap":{"0":{"name":"(anonymous_0)","decl":{"start":{"line":3,"column":20},"end":{"line":3,"column":21}},"loc":{"start":{"line":3,"column":64},"end":{"line":14,"column":null}}}},"branchMap":{"0":{"loc":{"start":{"line":5,"column":25},"end":{"line":5,"column":null}},"type":"cond-expr","locations":[{"start":{"line":5,"column":38},"end":{"line":5,"column":42}},{"start":{"line":5,"column":42},"end":{"line":5,"column":null}}]},"1":{"loc":{"start":{"line":9,"column":37},"end":{"line":9,"column":70}},"type":"cond-expr","locations":[{"start":{"line":9,"column":50},"end":{"line":9,"column":68}},{"start":{"line":9,"column":68},"end":{"line":9,"column":70}}]}},"s":{"0":1,"1":3,"2":3,"3":3},"f":{"0":3},"b":{"0":[1,2],"1":[1,2]}}
,"C:/Users/Faishal/Documents/personalproject/kitabisa-assignment/components/SingleCampaign/SingleCampaign.tsx": {"path":"C:/Users/Faishal/Documents/personalproject/kitabisa-assignment/components/SingleCampaign/SingleCampaign.tsx","statementMap":{"0":{"start":{"line":5,"column":23},"end":{"line":38,"column":null}},"1":{"start":{"line":6,"column":27},"end":{"line":6,"column":null}},"2":{"start":{"line":7,"column":1},"end":{"line":36,"column":null}}},"fnMap":{"0":{"name":"(anonymous_0)","decl":{"start":{"line":5,"column":23},"end":{"line":5,"column":24}},"loc":{"start":{"line":5,"column":75},"end":{"line":38,"column":null}}}},"branchMap":{"0":{"loc":{"start":{"line":31,"column":8},"end":{"line":31,"column":null}},"type":"cond-expr","locations":[{"start":{"line":31,"column":28},"end":{"line":31,"column":47}},{"start":{"line":31,"column":47},"end":{"line":31,"column":null}}]}},"s":{"0":1,"1":3,"2":3},"f":{"0":3},"b":{"0":[2,1]}}
,"C:/Users/Faishal/Documents/personalproject/kitabisa-assignment/components/SortModal/SortModal.tsx": {"path":"C:/Users/Faishal/Documents/personalproject/kitabisa-assignment/components/SortModal/SortModal.tsx","statementMap":{"0":{"start":{"line":5,"column":18},"end":{"line":34,"column":null}},"1":{"start":{"line":14,"column":1},"end":{"line":32,"column":null}},"2":{"start":{"line":19,"column":5},"end":{"line":29,"column":null}},"3":{"start":{"line":21,"column":7},"end":{"line":21,"column":null}},"4":{"start":{"line":22,"column":7},"end":{"line":22,"column":null}}},"fnMap":{"0":{"name":"(anonymous_0)","decl":{"start":{"line":5,"column":18},"end":{"line":5,"column":19}},"loc":{"start":{"line":13,"column":6},"end":{"line":34,"column":null}}},"1":{"name":"(anonymous_1)","decl":{"start":{"line":18,"column":21},"end":{"line":18,"column":22}},"loc":{"start":{"line":19,"column":5},"end":{"line":29,"column":null}}},"2":{"name":"(anonymous_2)","decl":{"start":{"line":20,"column":15},"end":{"line":20,"column":21}},"loc":{"start":{"line":20,"column":21},"end":{"line":23,"column":null}}}},"branchMap":{"0":{"loc":{"start":{"line":25,"column":20},"end":{"line":25,"column":51}},"type":"cond-expr","locations":[{"start":{"line":25,"column":30},"end":{"line":25,"column":49}},{"start":{"line":25,"column":49},"end":{"line":25,"column":51}}]}},"s":{"0":1,"1":4,"2":8,"3":1,"4":1},"f":{"0":4,"1":8,"2":1},"b":{"0":[4,4]}}
,"C:/Users/Faishal/Documents/personalproject/kitabisa-assignment/constant/index.ts": {"path":"C:/Users/Faishal/Documents/personalproject/kitabisa-assignment/constant/index.ts","statementMap":{"0":{"start":{"line":1,"column":34},"end":{"line":1,"column":null}},"1":{"start":{"line":2,"column":30},"end":{"line":2,"column":null}},"2":{"start":{"line":4,"column":27},"end":{"line":4,"column":null}}},"fnMap":{},"branchMap":{},"s":{"0":2,"1":2,"2":2},"f":{},"b":{}}
}
